#
# There is insufficient memory for the Java Runtime Environment to continue.
# Native memory allocation (malloc) failed to allocate 32744 bytes. Error detail: Chunk::new
# Possible reasons:
#   The system is out of physical RAM or swap space
#   This process is running with CompressedOops enabled, and the Java Heap may be blocking the growth of the native heap
# Possible solutions:
#   Reduce memory load on the system
#   Increase physical memory or swap space
#   Check if swap backing store is full
#   Decrease Java heap size (-Xmx/-Xms)
#   Decrease number of Java threads
#   Decrease Java thread stack sizes (-Xss)
#   Set larger code cache with -XX:ReservedCodeCacheSize=
#   JVM is running with Unscaled Compressed Oops mode in which the Java heap is
#     placed in the first 4GB address space. The Java Heap base address is the
#     maximum limit for the native heap growth. Please use -XX:HeapBaseMinAddress
#     to set the Java Heap base and to place the Java Heap above 4GB virtual address.
# This output file may be truncated or incomplete.
#
#  Out of Memory Error (arena.cpp:150), pid=51332, tid=142632
#
# JRE version: OpenJDK Runtime Environment (22.0.2+9) (build 22.0.2+9-70)
# Java VM: OpenJDK 64-Bit Server VM (22.0.2+9-70, mixed mode, sharing, tiered, compressed oops, compressed class ptrs, g1 gc, windows-amd64)
# No core dump will be written. Minidumps are not enabled by default on client versions of Windows
#

---------------  S U M M A R Y ------------

Command Line: -ea -Didea.test.cyclic.buffer.size=1048576 -javaagent:C:\Users\SD CAMPOS\AppData\Local\JetBrains\IntelliJ IDEA Community Edition 2024.2.1\lib\idea_rt.jar=63110:C:\Users\SD CAMPOS\AppData\Local\JetBrains\IntelliJ IDEA Community Edition 2024.2.1\bin -Dfile.encoding=UTF-8 -Dsun.stdout.encoding=UTF-8 -Dsun.stderr.encoding=UTF-8 com.intellij.rt.junit.JUnitStarter -ideVersion5 -junit5 SimpleTest,testExample

Host: 11th Gen Intel(R) Core(TM) i5-1135G7 @ 2.40GHz, 8 cores, 7G,  Windows 11 , 64 bit Build 22621 (10.0.22621.3958)
Time: Fri Dec  6 10:34:54 2024 Hora oficial do Brasil elapsed time: 0.634347 seconds (0d 0h 0m 0s)

---------------  T H R E A D  ---------------

Current thread (0x00000179564abf70):  JavaThread "C2 CompilerThread0" daemon [_thread_in_native, id=142632, stack(0x00000031d1d00000,0x00000031d1e00000) (1024K)]


Current CompileTask:
C2:634  729       4       java.util.Arrays::copyOfRange (82 bytes)

Stack: [0x00000031d1d00000,0x00000031d1e00000]
Native frames: (J=compiled Java code, j=interpreted, Vv=VM code, C=native code)
V  [jvm.dll+0x6e26e9]  (no source info available)
V  [jvm.dll+0x875753]  (no source info available)
V  [jvm.dll+0x877b7e]  (no source info available)
V  [jvm.dll+0x878253]  (no source info available)
V  [jvm.dll+0x27fc86]  (no source info available)
V  [jvm.dll+0xc3d0f]  (no source info available)
V  [jvm.dll+0xc3f6b]  (no source info available)
V  [jvm.dll+0x1d76df]  (no source info available)
V  [jvm.dll+0x66cf52]  (no source info available)
V  [jvm.dll+0x671217]  (no source info available)
V  [jvm.dll+0x247677]  (no source info available)
V  [jvm.dll+0x246e9f]  (no source info available)
V  [jvm.dll+0x1c4e80]  (no source info available)
V  [jvm.dll+0x2568f3]  (no source info available)
V  [jvm.dll+0x254baa]  (no source info available)
V  [jvm.dll+0x3f57a6]  (no source info available)
V  [jvm.dll+0x81dc0b]  (no source info available)
V  [jvm.dll+0x6e0d85]  (no source info available)
C  [ucrtbase.dll+0x29333]  (no source info available)
C  [KERNEL32.DLL+0x1257d]  (no source info available)
C  [ntdll.dll+0x5af08]  (no source info available)


---------------  P R O C E S S  ---------------

Threads class SMR info:
_java_thread_list=0x00000179567a7ab0, length=12, elements={
0x0000017937b04ee0, 0x0000017956486fd0, 0x0000017956487da0, 0x00000179564938f0,
0x0000017956496210, 0x000001795649faf0, 0x000001795649f460, 0x00000179564abf70,
0x00000179564ac910, 0x00000179564a1bc0, 0x00000179564a0810, 0x00000179564a2250
}

Java Threads: ( => current thread )
  0x0000017937b04ee0 JavaThread "main"                              [_thread_in_vm, id=97100, stack(0x00000031d0f00000,0x00000031d1000000) (1024K)]
  0x0000017956486fd0 JavaThread "Reference Handler"          daemon [_thread_blocked, id=144276, stack(0x00000031d1700000,0x00000031d1800000) (1024K)]
  0x0000017956487da0 JavaThread "Finalizer"                  daemon [_thread_blocked, id=146548, stack(0x00000031d1800000,0x00000031d1900000) (1024K)]
  0x00000179564938f0 JavaThread "Signal Dispatcher"          daemon [_thread_blocked, id=77496, stack(0x00000031d1900000,0x00000031d1a00000) (1024K)]
  0x0000017956496210 JavaThread "Attach Listener"            daemon [_thread_blocked, id=141440, stack(0x00000031d1a00000,0x00000031d1b00000) (1024K)]
  0x000001795649faf0 JavaThread "Service Thread"             daemon [_thread_blocked, id=149976, stack(0x00000031d1b00000,0x00000031d1c00000) (1024K)]
  0x000001795649f460 JavaThread "Monitor Deflation Thread"   daemon [_thread_blocked, id=115844, stack(0x00000031d1c00000,0x00000031d1d00000) (1024K)]
=>0x00000179564abf70 JavaThread "C2 CompilerThread0"         daemon [_thread_in_native, id=142632, stack(0x00000031d1d00000,0x00000031d1e00000) (1024K)]
  0x00000179564ac910 JavaThread "C1 CompilerThread0"         daemon [_thread_in_native, id=141932, stack(0x00000031d1e00000,0x00000031d1f00000) (1024K)]
  0x00000179564a1bc0 JavaThread "Common-Cleaner"             daemon [_thread_blocked, id=151028, stack(0x00000031d1f00000,0x00000031d2000000) (1024K)]
  0x00000179564a0810 JavaThread "Monitor Ctrl-Break"         daemon [_thread_in_native, id=69660, stack(0x00000031d2000000,0x00000031d2100000) (1024K)]
  0x00000179564a2250 JavaThread "Notification Thread"        daemon [_thread_blocked, id=115072, stack(0x00000031d2100000,0x00000031d2200000) (1024K)]
Total: 12

Other Threads:
  0x000001795646e020 VMThread "VM Thread"                           [id=111008, stack(0x00000031d1600000,0x00000031d1700000) (1024K)]
  0x0000017956454020 WatcherThread "VM Periodic Task Thread"        [id=81448, stack(0x00000031d1500000,0x00000031d1600000) (1024K)]
  0x0000017939d25020 WorkerThread "GC Thread#0"                     [id=125752, stack(0x00000031d1000000,0x00000031d1100000) (1024K)]
  0x0000017939d35b80 ConcurrentGCThread "G1 Main Marker"            [id=147544, stack(0x00000031d1100000,0x00000031d1200000) (1024K)]
  0x0000017939d36690 WorkerThread "G1 Conc#0"                       [id=117076, stack(0x00000031d1200000,0x00000031d1300000) (1024K)]
  0x0000017939d8eaa0 ConcurrentGCThread "G1 Refine#0"               [id=148396, stack(0x00000031d1300000,0x00000031d1400000) (1024K)]
  0x0000017956328400 ConcurrentGCThread "G1 Service"                [id=10316, stack(0x00000031d1400000,0x00000031d1500000) (1024K)]
Total: 7

Threads with active compile tasks:
C2 CompilerThread0  675  729       4       java.util.Arrays::copyOfRange (82 bytes)
C1 CompilerThread0  675  723       3       java.net.URLStreamHandler::parseURL (1124 bytes)
Total: 2

VM state: not at safepoint (normal execution)

VM Mutex/Monitor currently owned by a thread: None

Heap address: 0x0000000083200000, size: 1998 MB, Compressed Oops mode: 32-bit

CDS archive(s) mapped at: [0x0000017957000000-0x0000017957c60000-0x0000017957c60000), size 12976128, SharedBaseAddress: 0x0000017957000000, ArchiveRelocationMode: 1.
Compressed class space mapped at: 0x0000017958000000-0x0000017998000000, reserved size: 1073741824
Narrow klass base: 0x0000017957000000, Narrow klass shift: 0, Narrow klass range: 0x41000000

GC Precious Log:
 CardTable entry size: 512
 Card Set container configuration: InlinePtr #cards 5 size 8 Array Of Cards #cards 12 size 40 Howl #buckets 4 coarsen threshold 1843 Howl Bitmap #cards 512 size 80 coarsen threshold 460 Card regions per heap region 1 cards per card region 2048
 CPUs: 8 total, 8 available
 Memory: 7991M
 Large Page Support: Disabled
 NUMA Support: Disabled
 Compressed Oops: Enabled (32-bit)
 Heap Region Size: 1M
 Heap Min Capacity: 8M
 Heap Initial Capacity: 126M
 Heap Max Capacity: 1998M
 Pre-touch: Disabled
 Parallel Workers: 8
 Concurrent Workers: 2
 Concurrent Refinement Workers: 8
 Periodic GC: Disabled

Heap:
 garbage-first heap   total reserved 2045952K, committed 129024K, used 8192K [0x0000000083200000, 0x0000000100000000)
  region size 1024K, 9 young (9216K), 0 survivors (0K)
 Metaspace       used 3040K, committed 3200K, reserved 1114112K
  class space    used 338K, committed 384K, reserved 1048576K

Heap Regions: E=young(eden), S=young(survivor), O=old, HS=humongous(starts), HC=humongous(continues), CS=collection set, F=free, TAMS=top-at-mark-start, PB=parsable bottom
|   0|0x0000000083200000, 0x0000000083200000, 0x0000000083300000|  0%| F|  |TAMS 0x0000000083200000| PB 0x0000000083200000| Untracked |  0
|   1|0x0000000083300000, 0x0000000083300000, 0x0000000083400000|  0%| F|  |TAMS 0x0000000083300000| PB 0x0000000083300000| Untracked |  0
|   2|0x0000000083400000, 0x0000000083400000, 0x0000000083500000|  0%| F|  |TAMS 0x0000000083400000| PB 0x0000000083400000| Untracked |  0
|   3|0x0000000083500000, 0x0000000083500000, 0x0000000083600000|  0%| F|  |TAMS 0x0000000083500000| PB 0x0000000083500000| Untracked |  0
|   4|0x0000000083600000, 0x0000000083600000, 0x0000000083700000|  0%| F|  |TAMS 0x0000000083600000| PB 0x0000000083600000| Untracked |  0
|   5|0x0000000083700000, 0x0000000083700000, 0x0000000083800000|  0%| F|  |TAMS 0x0000000083700000| PB 0x0000000083700000| Untracked |  0
|   6|0x0000000083800000, 0x0000000083800000, 0x0000000083900000|  0%| F|  |TAMS 0x0000000083800000| PB 0x0000000083800000| Untracked |  0
|   7|0x0000000083900000, 0x0000000083900000, 0x0000000083a00000|  0%| F|  |TAMS 0x0000000083900000| PB 0x0000000083900000| Untracked |  0
|   8|0x0000000083a00000, 0x0000000083a00000, 0x0000000083b00000|  0%| F|  |TAMS 0x0000000083a00000| PB 0x0000000083a00000| Untracked |  0
|   9|0x0000000083b00000, 0x0000000083b00000, 0x0000000083c00000|  0%| F|  |TAMS 0x0000000083b00000| PB 0x0000000083b00000| Untracked |  0
|  10|0x0000000083c00000, 0x0000000083c00000, 0x0000000083d00000|  0%| F|  |TAMS 0x0000000083c00000| PB 0x0000000083c00000| Untracked |  0
|  11|0x0000000083d00000, 0x0000000083d00000, 0x0000000083e00000|  0%| F|  |TAMS 0x0000000083d00000| PB 0x0000000083d00000| Untracked |  0
|  12|0x0000000083e00000, 0x0000000083e00000, 0x0000000083f00000|  0%| F|  |TAMS 0x0000000083e00000| PB 0x0000000083e00000| Untracked |  0
|  13|0x0000000083f00000, 0x0000000083f00000, 0x0000000084000000|  0%| F|  |TAMS 0x0000000083f00000| PB 0x0000000083f00000| Untracked |  0
|  14|0x0000000084000000, 0x0000000084000000, 0x0000000084100000|  0%| F|  |TAMS 0x0000000084000000| PB 0x0000000084000000| Untracked |  0
|  15|0x0000000084100000, 0x0000000084100000, 0x0000000084200000|  0%| F|  |TAMS 0x0000000084100000| PB 0x0000000084100000| Untracked |  0
|  16|0x0000000084200000, 0x0000000084200000, 0x0000000084300000|  0%| F|  |TAMS 0x0000000084200000| PB 0x0000000084200000| Untracked |  0
|  17|0x0000000084300000, 0x0000000084300000, 0x0000000084400000|  0%| F|  |TAMS 0x0000000084300000| PB 0x0000000084300000| Untracked |  0
|  18|0x0000000084400000, 0x0000000084400000, 0x0000000084500000|  0%| F|  |TAMS 0x0000000084400000| PB 0x0000000084400000| Untracked |  0
|  19|0x0000000084500000, 0x0000000084500000, 0x0000000084600000|  0%| F|  |TAMS 0x0000000084500000| PB 0x0000000084500000| Untracked |  0
|  20|0x0000000084600000, 0x0000000084600000, 0x0000000084700000|  0%| F|  |TAMS 0x0000000084600000| PB 0x0000000084600000| Untracked |  0
|  21|0x0000000084700000, 0x0000000084700000, 0x0000000084800000|  0%| F|  |TAMS 0x0000000084700000| PB 0x0000000084700000| Untracked |  0
|  22|0x0000000084800000, 0x0000000084800000, 0x0000000084900000|  0%| F|  |TAMS 0x0000000084800000| PB 0x0000000084800000| Untracked |  0
|  23|0x0000000084900000, 0x0000000084900000, 0x0000000084a00000|  0%| F|  |TAMS 0x0000000084900000| PB 0x0000000084900000| Untracked |  0
|  24|0x0000000084a00000, 0x0000000084a00000, 0x0000000084b00000|  0%| F|  |TAMS 0x0000000084a00000| PB 0x0000000084a00000| Untracked |  0
|  25|0x0000000084b00000, 0x0000000084b00000, 0x0000000084c00000|  0%| F|  |TAMS 0x0000000084b00000| PB 0x0000000084b00000| Untracked |  0
|  26|0x0000000084c00000, 0x0000000084c00000, 0x0000000084d00000|  0%| F|  |TAMS 0x0000000084c00000| PB 0x0000000084c00000| Untracked |  0
|  27|0x0000000084d00000, 0x0000000084d00000, 0x0000000084e00000|  0%| F|  |TAMS 0x0000000084d00000| PB 0x0000000084d00000| Untracked |  0
|  28|0x0000000084e00000, 0x0000000084e00000, 0x0000000084f00000|  0%| F|  |TAMS 0x0000000084e00000| PB 0x0000000084e00000| Untracked |  0
|  29|0x0000000084f00000, 0x0000000084f00000, 0x0000000085000000|  0%| F|  |TAMS 0x0000000084f00000| PB 0x0000000084f00000| Untracked |  0
|  30|0x0000000085000000, 0x0000000085000000, 0x0000000085100000|  0%| F|  |TAMS 0x0000000085000000| PB 0x0000000085000000| Untracked |  0
|  31|0x0000000085100000, 0x0000000085100000, 0x0000000085200000|  0%| F|  |TAMS 0x0000000085100000| PB 0x0000000085100000| Untracked |  0
|  32|0x0000000085200000, 0x0000000085200000, 0x0000000085300000|  0%| F|  |TAMS 0x0000000085200000| PB 0x0000000085200000| Untracked |  0
|  33|0x0000000085300000, 0x0000000085300000, 0x0000000085400000|  0%| F|  |TAMS 0x0000000085300000| PB 0x0000000085300000| Untracked |  0
|  34|0x0000000085400000, 0x0000000085400000, 0x0000000085500000|  0%| F|  |TAMS 0x0000000085400000| PB 0x0000000085400000| Untracked |  0
|  35|0x0000000085500000, 0x0000000085500000, 0x0000000085600000|  0%| F|  |TAMS 0x0000000085500000| PB 0x0000000085500000| Untracked |  0
|  36|0x0000000085600000, 0x0000000085600000, 0x0000000085700000|  0%| F|  |TAMS 0x0000000085600000| PB 0x0000000085600000| Untracked |  0
|  37|0x0000000085700000, 0x0000000085700000, 0x0000000085800000|  0%| F|  |TAMS 0x0000000085700000| PB 0x0000000085700000| Untracked |  0
|  38|0x0000000085800000, 0x0000000085800000, 0x0000000085900000|  0%| F|  |TAMS 0x0000000085800000| PB 0x0000000085800000| Untracked |  0
|  39|0x0000000085900000, 0x0000000085900000, 0x0000000085a00000|  0%| F|  |TAMS 0x0000000085900000| PB 0x0000000085900000| Untracked |  0
|  40|0x0000000085a00000, 0x0000000085a00000, 0x0000000085b00000|  0%| F|  |TAMS 0x0000000085a00000| PB 0x0000000085a00000| Untracked |  0
|  41|0x0000000085b00000, 0x0000000085b00000, 0x0000000085c00000|  0%| F|  |TAMS 0x0000000085b00000| PB 0x0000000085b00000| Untracked |  0
|  42|0x0000000085c00000, 0x0000000085c00000, 0x0000000085d00000|  0%| F|  |TAMS 0x0000000085c00000| PB 0x0000000085c00000| Untracked |  0
|  43|0x0000000085d00000, 0x0000000085d00000, 0x0000000085e00000|  0%| F|  |TAMS 0x0000000085d00000| PB 0x0000000085d00000| Untracked |  0
|  44|0x0000000085e00000, 0x0000000085e00000, 0x0000000085f00000|  0%| F|  |TAMS 0x0000000085e00000| PB 0x0000000085e00000| Untracked |  0
|  45|0x0000000085f00000, 0x0000000085f00000, 0x0000000086000000|  0%| F|  |TAMS 0x0000000085f00000| PB 0x0000000085f00000| Untracked |  0
|  46|0x0000000086000000, 0x0000000086000000, 0x0000000086100000|  0%| F|  |TAMS 0x0000000086000000| PB 0x0000000086000000| Untracked |  0
|  47|0x0000000086100000, 0x0000000086100000, 0x0000000086200000|  0%| F|  |TAMS 0x0000000086100000| PB 0x0000000086100000| Untracked |  0
|  48|0x0000000086200000, 0x0000000086200000, 0x0000000086300000|  0%| F|  |TAMS 0x0000000086200000| PB 0x0000000086200000| Untracked |  0
|  49|0x0000000086300000, 0x0000000086300000, 0x0000000086400000|  0%| F|  |TAMS 0x0000000086300000| PB 0x0000000086300000| Untracked |  0
|  50|0x0000000086400000, 0x0000000086400000, 0x0000000086500000|  0%| F|  |TAMS 0x0000000086400000| PB 0x0000000086400000| Untracked |  0
|  51|0x0000000086500000, 0x0000000086500000, 0x0000000086600000|  0%| F|  |TAMS 0x0000000086500000| PB 0x0000000086500000| Untracked |  0
|  52|0x0000000086600000, 0x0000000086600000, 0x0000000086700000|  0%| F|  |TAMS 0x0000000086600000| PB 0x0000000086600000| Untracked |  0
|  53|0x0000000086700000, 0x0000000086700000, 0x0000000086800000|  0%| F|  |TAMS 0x0000000086700000| PB 0x0000000086700000| Untracked |  0
|  54|0x0000000086800000, 0x0000000086800000, 0x0000000086900000|  0%| F|  |TAMS 0x0000000086800000| PB 0x0000000086800000| Untracked |  0
|  55|0x0000000086900000, 0x0000000086900000, 0x0000000086a00000|  0%| F|  |TAMS 0x0000000086900000| PB 0x0000000086900000| Untracked |  0
|  56|0x0000000086a00000, 0x0000000086a00000, 0x0000000086b00000|  0%| F|  |TAMS 0x0000000086a00000| PB 0x0000000086a00000| Untracked |  0
|  57|0x0000000086b00000, 0x0000000086b00000, 0x0000000086c00000|  0%| F|  |TAMS 0x0000000086b00000| PB 0x0000000086b00000| Untracked |  0
|  58|0x0000000086c00000, 0x0000000086c00000, 0x0000000086d00000|  0%| F|  |TAMS 0x0000000086c00000| PB 0x0000000086c00000| Untracked |  0
|  59|0x0000000086d00000, 0x0000000086d00000, 0x0000000086e00000|  0%| F|  |TAMS 0x0000000086d00000| PB 0x0000000086d00000| Untracked |  0
|  60|0x0000000086e00000, 0x0000000086e00000, 0x0000000086f00000|  0%| F|  |TAMS 0x0000000086e00000| PB 0x0000000086e00000| Untracked |  0
|  61|0x0000000086f00000, 0x0000000086f00000, 0x0000000087000000|  0%| F|  |TAMS 0x0000000086f00000| PB 0x0000000086f00000| Untracked |  0
|  62|0x0000000087000000, 0x0000000087000000, 0x0000000087100000|  0%| F|  |TAMS 0x0000000087000000| PB 0x0000000087000000| Untracked |  0
|  63|0x0000000087100000, 0x0000000087100000, 0x0000000087200000|  0%| F|  |TAMS 0x0000000087100000| PB 0x0000000087100000| Untracked |  0
|  64|0x0000000087200000, 0x0000000087200000, 0x0000000087300000|  0%| F|  |TAMS 0x0000000087200000| PB 0x0000000087200000| Untracked |  0
|  65|0x0000000087300000, 0x0000000087300000, 0x0000000087400000|  0%| F|  |TAMS 0x0000000087300000| PB 0x0000000087300000| Untracked |  0
|  66|0x0000000087400000, 0x0000000087400000, 0x0000000087500000|  0%| F|  |TAMS 0x0000000087400000| PB 0x0000000087400000| Untracked |  0
|  67|0x0000000087500000, 0x0000000087500000, 0x0000000087600000|  0%| F|  |TAMS 0x0000000087500000| PB 0x0000000087500000| Untracked |  0
|  68|0x0000000087600000, 0x0000000087600000, 0x0000000087700000|  0%| F|  |TAMS 0x0000000087600000| PB 0x0000000087600000| Untracked |  0
|  69|0x0000000087700000, 0x0000000087700000, 0x0000000087800000|  0%| F|  |TAMS 0x0000000087700000| PB 0x0000000087700000| Untracked |  0
|  70|0x0000000087800000, 0x0000000087800000, 0x0000000087900000|  0%| F|  |TAMS 0x0000000087800000| PB 0x0000000087800000| Untracked |  0
|  71|0x0000000087900000, 0x0000000087900000, 0x0000000087a00000|  0%| F|  |TAMS 0x0000000087900000| PB 0x0000000087900000| Untracked |  0
|  72|0x0000000087a00000, 0x0000000087a00000, 0x0000000087b00000|  0%| F|  |TAMS 0x0000000087a00000| PB 0x0000000087a00000| Untracked |  0
|  73|0x0000000087b00000, 0x0000000087b00000, 0x0000000087c00000|  0%| F|  |TAMS 0x0000000087b00000| PB 0x0000000087b00000| Untracked |  0
|  74|0x0000000087c00000, 0x0000000087c00000, 0x0000000087d00000|  0%| F|  |TAMS 0x0000000087c00000| PB 0x0000000087c00000| Untracked |  0
|  75|0x0000000087d00000, 0x0000000087d00000, 0x0000000087e00000|  0%| F|  |TAMS 0x0000000087d00000| PB 0x0000000087d00000| Untracked |  0
|  76|0x0000000087e00000, 0x0000000087e00000, 0x0000000087f00000|  0%| F|  |TAMS 0x0000000087e00000| PB 0x0000000087e00000| Untracked |  0
|  77|0x0000000087f00000, 0x0000000087f00000, 0x0000000088000000|  0%| F|  |TAMS 0x0000000087f00000| PB 0x0000000087f00000| Untracked |  0
|  78|0x0000000088000000, 0x0000000088000000, 0x0000000088100000|  0%| F|  |TAMS 0x0000000088000000| PB 0x0000000088000000| Untracked |  0
|  79|0x0000000088100000, 0x0000000088100000, 0x0000000088200000|  0%| F|  |TAMS 0x0000000088100000| PB 0x0000000088100000| Untracked |  0
|  80|0x0000000088200000, 0x0000000088200000, 0x0000000088300000|  0%| F|  |TAMS 0x0000000088200000| PB 0x0000000088200000| Untracked |  0
|  81|0x0000000088300000, 0x0000000088300000, 0x0000000088400000|  0%| F|  |TAMS 0x0000000088300000| PB 0x0000000088300000| Untracked |  0
|  82|0x0000000088400000, 0x0000000088400000, 0x0000000088500000|  0%| F|  |TAMS 0x0000000088400000| PB 0x0000000088400000| Untracked |  0
|  83|0x0000000088500000, 0x0000000088500000, 0x0000000088600000|  0%| F|  |TAMS 0x0000000088500000| PB 0x0000000088500000| Untracked |  0
|  84|0x0000000088600000, 0x0000000088600000, 0x0000000088700000|  0%| F|  |TAMS 0x0000000088600000| PB 0x0000000088600000| Untracked |  0
|  85|0x0000000088700000, 0x0000000088700000, 0x0000000088800000|  0%| F|  |TAMS 0x0000000088700000| PB 0x0000000088700000| Untracked |  0
|  86|0x0000000088800000, 0x0000000088800000, 0x0000000088900000|  0%| F|  |TAMS 0x0000000088800000| PB 0x0000000088800000| Untracked |  0
|  87|0x0000000088900000, 0x0000000088900000, 0x0000000088a00000|  0%| F|  |TAMS 0x0000000088900000| PB 0x0000000088900000| Untracked |  0
|  88|0x0000000088a00000, 0x0000000088a00000, 0x0000000088b00000|  0%| F|  |TAMS 0x0000000088a00000| PB 0x0000000088a00000| Untracked |  0
|  89|0x0000000088b00000, 0x0000000088b00000, 0x0000000088c00000|  0%| F|  |TAMS 0x0000000088b00000| PB 0x0000000088b00000| Untracked |  0
|  90|0x0000000088c00000, 0x0000000088c00000, 0x0000000088d00000|  0%| F|  |TAMS 0x0000000088c00000| PB 0x0000000088c00000| Untracked |  0
|  91|0x0000000088d00000, 0x0000000088d00000, 0x0000000088e00000|  0%| F|  |TAMS 0x0000000088d00000| PB 0x0000000088d00000| Untracked |  0
|  92|0x0000000088e00000, 0x0000000088e00000, 0x0000000088f00000|  0%| F|  |TAMS 0x0000000088e00000| PB 0x0000000088e00000| Untracked |  0
|  93|0x0000000088f00000, 0x0000000088f00000, 0x0000000089000000|  0%| F|  |TAMS 0x0000000088f00000| PB 0x0000000088f00000| Untracked |  0
|  94|0x0000000089000000, 0x0000000089000000, 0x0000000089100000|  0%| F|  |TAMS 0x0000000089000000| PB 0x0000000089000000| Untracked |  0
|  95|0x0000000089100000, 0x0000000089100000, 0x0000000089200000|  0%| F|  |TAMS 0x0000000089100000| PB 0x0000000089100000| Untracked |  0
|  96|0x0000000089200000, 0x0000000089200000, 0x0000000089300000|  0%| F|  |TAMS 0x0000000089200000| PB 0x0000000089200000| Untracked |  0
|  97|0x0000000089300000, 0x0000000089300000, 0x0000000089400000|  0%| F|  |TAMS 0x0000000089300000| PB 0x0000000089300000| Untracked |  0
|  98|0x0000000089400000, 0x0000000089400000, 0x0000000089500000|  0%| F|  |TAMS 0x0000000089400000| PB 0x0000000089400000| Untracked |  0
|  99|0x0000000089500000, 0x0000000089500000, 0x0000000089600000|  0%| F|  |TAMS 0x0000000089500000| PB 0x0000000089500000| Untracked |  0
| 100|0x0000000089600000, 0x0000000089600000, 0x0000000089700000|  0%| F|  |TAMS 0x0000000089600000| PB 0x0000000089600000| Untracked |  0
| 101|0x0000000089700000, 0x0000000089700000, 0x0000000089800000|  0%| F|  |TAMS 0x0000000089700000| PB 0x0000000089700000| Untracked |  0
| 102|0x0000000089800000, 0x0000000089800000, 0x0000000089900000|  0%| F|  |TAMS 0x0000000089800000| PB 0x0000000089800000| Untracked |  0
| 103|0x0000000089900000, 0x0000000089900000, 0x0000000089a00000|  0%| F|  |TAMS 0x0000000089900000| PB 0x0000000089900000| Untracked |  0
| 104|0x0000000089a00000, 0x0000000089a00000, 0x0000000089b00000|  0%| F|  |TAMS 0x0000000089a00000| PB 0x0000000089a00000| Untracked |  0
| 105|0x0000000089b00000, 0x0000000089b00000, 0x0000000089c00000|  0%| F|  |TAMS 0x0000000089b00000| PB 0x0000000089b00000| Untracked |  0
| 106|0x0000000089c00000, 0x0000000089c00000, 0x0000000089d00000|  0%| F|  |TAMS 0x0000000089c00000| PB 0x0000000089c00000| Untracked |  0
| 107|0x0000000089d00000, 0x0000000089d00000, 0x0000000089e00000|  0%| F|  |TAMS 0x0000000089d00000| PB 0x0000000089d00000| Untracked |  0
| 108|0x0000000089e00000, 0x0000000089e00000, 0x0000000089f00000|  0%| F|  |TAMS 0x0000000089e00000| PB 0x0000000089e00000| Untracked |  0
| 109|0x0000000089f00000, 0x0000000089f00000, 0x000000008a000000|  0%| F|  |TAMS 0x0000000089f00000| PB 0x0000000089f00000| Untracked |  0
| 110|0x000000008a000000, 0x000000008a000000, 0x000000008a100000|  0%| F|  |TAMS 0x000000008a000000| PB 0x000000008a000000| Untracked |  0
| 111|0x000000008a100000, 0x000000008a100000, 0x000000008a200000|  0%| F|  |TAMS 0x000000008a100000| PB 0x000000008a100000| Untracked |  0
| 112|0x000000008a200000, 0x000000008a200000, 0x000000008a300000|  0%| F|  |TAMS 0x000000008a200000| PB 0x000000008a200000| Untracked |  0
| 113|0x000000008a300000, 0x000000008a300000, 0x000000008a400000|  0%| F|  |TAMS 0x000000008a300000| PB 0x000000008a300000| Untracked |  0
| 114|0x000000008a400000, 0x000000008a400000, 0x000000008a500000|  0%| F|  |TAMS 0x000000008a400000| PB 0x000000008a400000| Untracked |  0
| 115|0x000000008a500000, 0x000000008a500000, 0x000000008a600000|  0%| F|  |TAMS 0x000000008a500000| PB 0x000000008a500000| Untracked |  0
| 116|0x000000008a600000, 0x000000008a600000, 0x000000008a700000|  0%| F|  |TAMS 0x000000008a600000| PB 0x000000008a600000| Untracked |  0
| 117|0x000000008a700000, 0x000000008a800000, 0x000000008a800000|100%| E|  |TAMS 0x000000008a700000| PB 0x000000008a700000| Complete |  0
| 118|0x000000008a800000, 0x000000008a900000, 0x000000008a900000|100%| E|CS|TAMS 0x000000008a800000| PB 0x000000008a800000| Complete |  0
| 119|0x000000008a900000, 0x000000008aa00000, 0x000000008aa00000|100%| E|CS|TAMS 0x000000008a900000| PB 0x000000008a900000| Complete |  0
| 120|0x000000008aa00000, 0x000000008ab00000, 0x000000008ab00000|100%| E|CS|TAMS 0x000000008aa00000| PB 0x000000008aa00000| Complete |  0
| 121|0x000000008ab00000, 0x000000008ac00000, 0x000000008ac00000|100%| E|CS|TAMS 0x000000008ab00000| PB 0x000000008ab00000| Complete |  0
| 122|0x000000008ac00000, 0x000000008ad00000, 0x000000008ad00000|100%| E|CS|TAMS 0x000000008ac00000| PB 0x000000008ac00000| Complete |  0
| 123|0x000000008ad00000, 0x000000008ae00000, 0x000000008ae00000|100%| E|CS|TAMS 0x000000008ad00000| PB 0x000000008ad00000| Complete |  0
| 124|0x000000008ae00000, 0x000000008af00000, 0x000000008af00000|100%| E|CS|TAMS 0x000000008ae00000| PB 0x000000008ae00000| Complete |  0
| 125|0x000000008af00000, 0x000000008b000000, 0x000000008b000000|100%| E|CS|TAMS 0x000000008af00000| PB 0x000000008af00000| Complete |  0

Card table byte_map: [0x0000017951730000,0x0000017951b20000] _byte_map_base: 0x0000017951317000

Marking Bits: (CMBitMap*) 0x0000017939d25730
 Bits: [0x0000017951b20000, 0x0000017953a58000)

Polling page: 0x0000017937c10000

Metaspace:

Usage:
  Non-class:      2.64 MB used.
      Class:    338.91 KB used.
       Both:      2.97 MB used.

Virtual space:
  Non-class space:       64.00 MB reserved,       2.75 MB (  4%) committed,  1 nodes.
      Class space:        1.00 GB reserved,     384.00 KB ( <1%) committed,  1 nodes.
             Both:        1.06 GB reserved,       3.12 MB ( <1%) committed. 

Chunk freelists:
   Non-Class:  10.98 MB
       Class:  15.56 MB
        Both:  26.55 MB

MaxMetaspaceSize: unlimited
CompressedClassSpaceSize: 1.00 GB
Initial GC threshold: 21.00 MB
Current GC threshold: 21.00 MB
CDS: on
 - commit_granule_bytes: 65536.
 - commit_granule_words: 8192.
 - virtual_space_node_default_size: 8388608.
 - enlarge_chunks_in_place: 1.
 - use_allocation_guard: 0.


Internal statistics:

num_allocs_failed_limit: 0.
num_arena_births: 56.
num_arena_deaths: 0.
num_vsnodes_births: 2.
num_vsnodes_deaths: 0.
num_space_committed: 50.
num_space_uncommitted: 0.
num_chunks_returned_to_freelist: 0.
num_chunks_taken_from_freelist: 141.
num_chunk_merges: 0.
num_chunk_splits: 75.
num_chunks_enlarged: 48.
num_inconsistent_stats: 0.

CodeHeap 'non-profiled nmethods': size=120000Kb used=205Kb max_used=205Kb free=119794Kb
 bounds [0x0000017949ae0000, 0x0000017949d50000, 0x0000017951010000]
CodeHeap 'profiled nmethods': size=120000Kb used=1159Kb max_used=1159Kb free=118840Kb
 bounds [0x0000017942010000, 0x0000017942280000, 0x0000017949540000]
CodeHeap 'non-nmethods': size=5760Kb used=1461Kb max_used=1476Kb free=4298Kb
 bounds [0x0000017949540000, 0x00000179497b0000, 0x0000017949ae0000]
 total_blobs=1164 nmethods=723 adapters=346
 compilation: enabled
              stopped_count=0, restarted_count=0
 full_count=0

Compilation events (20 events):
Event: 0.606 Thread 0x00000179564ac910 nmethod 715 0x000001794212b910 code [0x000001794212bb00, 0x000001794212bf90]
Event: 0.606 Thread 0x00000179564ac910  717       3       java.lang.Class::cast (27 bytes)
Event: 0.606 Thread 0x00000179564ac910 nmethod 717 0x000001794212c110 code [0x000001794212c2e0, 0x000001794212c588]
Event: 0.606 Thread 0x00000179564abf70 nmethod 716 0x0000017949b12b90 code [0x0000017949b12d20, 0x0000017949b12e80]
Event: 0.608 Thread 0x00000179564ac910  718       3       java.io.RandomAccessFile::readFully (45 bytes)
Event: 0.608 Thread 0x00000179564ac910 nmethod 718 0x000001794212c690 code [0x000001794212c860, 0x000001794212cbc8]
Event: 0.610 Thread 0x00000179564ac910  719       3       java.io.WinNTFileSystem::resolve (349 bytes)
Event: 0.612 Thread 0x00000179564ac910 nmethod 719 0x000001794212cd90 code [0x000001794212d2c0, 0x00000179421300d8]
Event: 0.612 Thread 0x00000179564ac910  720       3       java.lang.String::<init> (10 bytes)
Event: 0.612 Thread 0x00000179564ac910 nmethod 720 0x0000017942131190 code [0x0000017942131340, 0x0000017942131490]
Event: 0.616 Thread 0x00000179564abf70  721       4       java.util.Objects::requireNonNull (15 bytes)
Event: 0.617 Thread 0x00000179564abf70 nmethod 721 0x0000017949b12f90 code [0x0000017949b13100, 0x0000017949b13188]
Event: 0.617 Thread 0x00000179564ac910  722       3       sun.net.www.protocol.file.Handler::parseURL (18 bytes)
Event: 0.617 Thread 0x00000179564ac910 nmethod 722 0x0000017942131590 code [0x0000017942131740, 0x0000017942131900]
Event: 0.617 Thread 0x00000179564ac910  724       3       java.io.InputStream::<init> (5 bytes)
Event: 0.617 Thread 0x00000179564ac910 nmethod 724 0x0000017942131a10 code [0x0000017942131ba0, 0x0000017942131d08]
Event: 0.617 Thread 0x00000179564ac910  723       3       java.net.URLStreamHandler::parseURL (1124 bytes)
Event: 0.618 Thread 0x00000179564abf70  725       4       java.lang.String::toString (2 bytes)
Event: 0.618 Thread 0x00000179564abf70 nmethod 725 0x0000017949b13290 code [0x0000017949b13400, 0x0000017949b13488]
Event: 0.627 Thread 0x00000179564abf70  729       4       java.util.Arrays::copyOfRange (82 bytes)

GC Heap History (0 events):
No events

Dll operation events (10 events):
Event: 0.015 Loaded shared library C:\Users\SD CAMPOS\.jdks\openjdk-22.0.2\bin\java.dll
Event: 0.054 Loaded shared library C:\Users\SD CAMPOS\.jdks\openjdk-22.0.2\bin\jsvml.dll
Event: 0.128 Loaded shared library C:\Users\SD CAMPOS\.jdks\openjdk-22.0.2\bin\zip.dll
Event: 0.135 Loaded shared library C:\Users\SD CAMPOS\.jdks\openjdk-22.0.2\bin\instrument.dll
Event: 0.141 Loaded shared library C:\Users\SD CAMPOS\.jdks\openjdk-22.0.2\bin\net.dll
Event: 0.143 Loaded shared library C:\Users\SD CAMPOS\.jdks\openjdk-22.0.2\bin\nio.dll
Event: 0.148 Loaded shared library C:\Users\SD CAMPOS\.jdks\openjdk-22.0.2\bin\zip.dll
Event: 0.167 Loaded shared library C:\Users\SD CAMPOS\AppData\Local\JetBrains\IntelliJ IDEA Community Edition 2024.2.1\bin\breakgen64.dll
Event: 0.181 Loaded shared library C:\Users\SD CAMPOS\.jdks\openjdk-22.0.2\bin\extnet.dll
Event: 0.312 Loaded shared library C:\Users\SD CAMPOS\.jdks\openjdk-22.0.2\bin\jimage.dll

Deoptimization events (14 events):
Event: 0.169 Thread 0x0000017937b04ee0 Uncommon trap: trap_request=0xffffff45 fr.pc=0x0000017949af0be0 relative=0x00000000000000c0
Event: 0.169 Thread 0x0000017937b04ee0 Uncommon trap: reason=unstable_if action=reinterpret pc=0x0000017949af0be0 method=java.lang.String.isLatin1()Z @ 10 c2
Event: 0.169 Thread 0x0000017937b04ee0 DEOPT PACKING pc=0x0000017949af0be0 sp=0x00000031d0fff0a0
Event: 0.169 Thread 0x0000017937b04ee0 DEOPT UNPACKING pc=0x0000017949597da2 sp=0x00000031d0ffefe0 mode 2
Event: 0.334 Thread 0x0000017937b04ee0 DEOPT PACKING pc=0x000001794203837c sp=0x00000031d0ff88d0
Event: 0.334 Thread 0x0000017937b04ee0 DEOPT UNPACKING pc=0x00000179495988e2 sp=0x00000031d0ff7cf0 mode 0
Event: 0.369 Thread 0x0000017937b04ee0 DEOPT PACKING pc=0x0000017942019b4c sp=0x00000031d0ffd4c0
Event: 0.369 Thread 0x0000017937b04ee0 DEOPT UNPACKING pc=0x00000179495988e2 sp=0x00000031d0ffc928 mode 0
Event: 0.370 Thread 0x0000017937b04ee0 Uncommon trap: trap_request=0xffffff45 fr.pc=0x0000017949aeefc4 relative=0x0000000000000a84
Event: 0.370 Thread 0x0000017937b04ee0 Uncommon trap: reason=unstable_if action=reinterpret pc=0x0000017949aeefc4 method=java.util.HashMap.putVal(ILjava/lang/Object;Ljava/lang/Object;ZZ)Ljava/lang/Object; @ 181 c2
Event: 0.370 Thread 0x0000017937b04ee0 DEOPT PACKING pc=0x0000017949aeefc4 sp=0x00000031d0ffe230
Event: 0.370 Thread 0x0000017937b04ee0 DEOPT UNPACKING pc=0x0000017949597da2 sp=0x00000031d0ffe1f0 mode 2
Event: 0.527 Thread 0x0000017937b04ee0 DEOPT PACKING pc=0x0000017942069925 sp=0x00000031d0ffd6c0
Event: 0.527 Thread 0x0000017937b04ee0 DEOPT UNPACKING pc=0x00000179495988e2 sp=0x00000031d0ffcb10 mode 0

Classes loaded (20 events):
Event: 0.568 Loading class java/lang/reflect/Proxy$ProxyBuilder$ProxyClassContext
Event: 0.568 Loading class java/lang/reflect/Proxy$ProxyBuilder$ProxyClassContext done
Event: 0.569 Loading class java/lang/reflect/ProxyGenerator
Event: 0.569 Loading class java/lang/reflect/ProxyGenerator done
Event: 0.569 Loading class java/lang/reflect/ProxyGenerator$ProxyMethod
Event: 0.569 Loading class java/lang/reflect/ProxyGenerator$ProxyMethod done
Event: 0.570 Loading class java/lang/reflect/ProxyGenerator$PrimitiveTypeInfo
Event: 0.570 Loading class java/lang/reflect/ProxyGenerator$PrimitiveTypeInfo done
Event: 0.571 Loading class jdk/internal/org/objectweb/asm/Edge
Event: 0.571 Loading class jdk/internal/org/objectweb/asm/Edge done
Event: 0.572 Loading class java/lang/reflect/Proxy$ProxyBuilder$1
Event: 0.572 Loading class java/lang/reflect/Proxy$ProxyBuilder$1 done
Event: 0.589 Loading class java/lang/IllegalAccessException
Event: 0.590 Loading class java/lang/IllegalAccessException done
Event: 0.591 Loading class java/lang/reflect/UndeclaredThrowableException
Event: 0.591 Loading class java/lang/reflect/UndeclaredThrowableException done
Event: 0.596 Loading class java/lang/Class$AnnotationData
Event: 0.597 Loading class java/lang/Class$AnnotationData done
Event: 0.603 Loading class java/util/Arrays$ArrayItr
Event: 0.603 Loading class java/util/Arrays$ArrayItr done

Classes unloaded (0 events):
No events

Classes redefined (0 events):
No events

Internal exceptions (17 events):
Event: 0.152 Thread 0x0000017937b04ee0 Exception <a 'java/lang/NoSuchMethodError'{0x000000008ad50780}: 'void java.lang.invoke.DirectMethodHandle$Holder.invokeStatic(java.lang.Object, java.lang.Object, java.lang.Object)'> (0x000000008ad50780) 
thrown [s\open\src\hotspot\share\interpreter\linkResolver.cpp, line 774]
Event: 0.158 Thread 0x0000017937b04ee0 Exception <a 'java/lang/NoSuchMethodError'{0x000000008ad68218}: 'java.lang.Object java.lang.invoke.Invokers$Holder.invokeExact_MT(java.lang.Object, java.lang.Object, java.lang.Object, java.lang.Object, java.lang.Object)'> (0x000000008ad68218) 
thrown [s\open\src\hotspot\share\interpreter\linkResolver.cpp, line 774]
Event: 0.184 Thread 0x00000179564a0810 Exception <a 'java/lang/NoSuchMethodError'{0x000000008ad83cf0}: 'void java.lang.invoke.DirectMethodHandle$Holder.invokeStatic(java.lang.Object, java.lang.Object)'> (0x000000008ad83cf0) 
thrown [s\open\src\hotspot\share\interpreter\linkResolver.cpp, line 774]
Event: 0.260 Thread 0x0000017937b04ee0 Exception <a 'java/lang/NoSuchMethodError'{0x000000008ac827b0}: 'java.lang.Object java.lang.invoke.DirectMethodHandle$Holder.invokeStaticInit(java.lang.Object, int)'> (0x000000008ac827b0) 
thrown [s\open\src\hotspot\share\interpreter\linkResolver.cpp, line 774]
Event: 0.274 Thread 0x0000017937b04ee0 Exception <a 'java/lang/NoSuchMethodError'{0x000000008acad1f8}: 'long java.lang.invoke.DirectMethodHandle$Holder.invokeSpecial(java.lang.Object, java.lang.Object)'> (0x000000008acad1f8) 
thrown [s\open\src\hotspot\share\interpreter\linkResolver.cpp, line 774]
Event: 0.275 Thread 0x0000017937b04ee0 Exception <a 'java/lang/NoSuchMethodError'{0x000000008acb0738}: 'long java.lang.invoke.Invokers$Holder.invokeExact_MT(java.lang.Object, java.lang.Object)'> (0x000000008acb0738) 
thrown [s\open\src\hotspot\share\interpreter\linkResolver.cpp, line 774]
Event: 0.282 Thread 0x0000017937b04ee0 Exception <a 'java/lang/NoSuchMethodError'{0x000000008acc3b60}: 'java.lang.Object java.lang.invoke.DirectMethodHandle$Holder.invokeInterface(java.lang.Object, java.lang.Object)'> (0x000000008acc3b60) 
thrown [s\open\src\hotspot\share\interpreter\linkResolver.cpp, line 774]
Event: 0.368 Thread 0x0000017937b04ee0 Exception <a 'java/lang/NoSuchMethodError'{0x000000008abe05d0}: 'java.lang.Object java.lang.invoke.DirectMethodHandle$Holder.invokeStaticInit(java.lang.Object, java.lang.Object, java.lang.Object)'> (0x000000008abe05d0) 
thrown [s\open\src\hotspot\share\interpreter\linkResolver.cpp, line 774]
Event: 0.369 Thread 0x0000017937b04ee0 Exception <a 'java/lang/NoSuchMethodError'{0x000000008abe7690}: 'void java.lang.invoke.DirectMethodHandle$Holder.invokeStaticInit(java.lang.Object, java.lang.Object, java.lang.Object)'> (0x000000008abe7690) 
thrown [s\open\src\hotspot\share\interpreter\linkResolver.cpp, line 774]
Event: 0.422 Thread 0x0000017937b04ee0 Exception <a 'java/lang/NoSuchMethodError'{0x000000008aa56f18}: 'java.lang.Object java.lang.invoke.DirectMethodHandle$Holder.invokeVirtual(java.lang.Object, java.lang.Object, java.lang.Object)'> (0x000000008aa56f18) 
thrown [s\open\src\hotspot\share\interpreter\linkResolver.cpp, line 774]
Event: 0.488 Thread 0x0000017937b04ee0 Exception <a 'java/lang/NoSuchMethodError'{0x000000008a91d1d0}: 'int java.lang.invoke.DirectMethodHandle$Holder.invokeVirtual(java.lang.Object, java.lang.Object)'> (0x000000008a91d1d0) 
thrown [s\open\src\hotspot\share\interpreter\linkResolver.cpp, line 774]
Event: 0.514 Thread 0x0000017937b04ee0 Exception <a 'java/lang/NoSuchMethodError'{0x000000008a995338}: 'int java.lang.invoke.DirectMethodHandle$Holder.invokeSpecialIFC(java.lang.Object, java.lang.Object, java.lang.Object, java.lang.Object)'> (0x000000008a995338) 
thrown [s\open\src\hotspot\share\interpreter\linkResolver.cpp, line 774]
Event: 0.520 Thread 0x0000017937b04ee0 Exception <a 'java/lang/NoSuchMethodError'{0x000000008a9bbb20}: 'int java.lang.invoke.DirectMethodHandle$Holder.invokeSpecial(java.lang.Object, java.lang.Object, java.lang.Object)'> (0x000000008a9bbb20) 
thrown [s\open\src\hotspot\share\interpreter\linkResolver.cpp, line 774]
Event: 0.539 Thread 0x0000017937b04ee0 Exception <a 'java/lang/NoSuchMethodError'{0x000000008a81e288}: 'void java.lang.invoke.DirectMethodHandle$Holder.invokeInterface(java.lang.Object, java.lang.Object)'> (0x000000008a81e288) 
thrown [s\open\src\hotspot\share\interpreter\linkResolver.cpp, line 774]
Event: 0.539 Thread 0x0000017937b04ee0 Exception <a 'java/lang/IncompatibleClassChangeError'{0x000000008a821548}: Found class java.lang.Object, but interface was expected> (0x000000008a821548) 
thrown [s\open\src\hotspot\share\interpreter\linkResolver.cpp, line 841]
Event: 0.576 Thread 0x0000017937b04ee0 Exception <a 'java/lang/NoSuchMethodError'{0x000000008a8cb930}: 'java.lang.Object java.lang.invoke.DirectMethodHandle$Holder.newInvokeSpecial(java.lang.Object, java.lang.Object, java.lang.Object, java.lang.Object, java.lang.Object)'> (0x000000008a8cb930) 
thrown [s\open\src\hotspot\share\interpreter\linkResolver.cpp, line 774]
Event: 0.604 Thread 0x0000017937b04ee0 Exception <a 'java/lang/NoSuchMethodError'{0x000000008a7401e8}: 'java.lang.Object java.lang.invoke.DirectMethodHandle$Holder.newInvokeSpecial(java.lang.Object, java.lang.Object, java.lang.Object, java.lang.Object, java.lang.Object, java.lang.Object)'> (0x000000008a7401e8) 
thrown [s\open\src\hotspot\share\interpreter\linkResolver.cpp, line 774]

ZGC Phase Switch (0 events):
No events

VM Operations (2 events):
Event: 0.433 Executing VM operation: HandshakeAllThreads (Deoptimize)
Event: 0.433 Executing VM operation: HandshakeAllThreads (Deoptimize) done

Memory protections (0 events):
No events

Nmethod flushes (0 events):
No events

Events (12 events):
Event: 0.037 Thread 0x0000017937b04ee0 Thread added: 0x0000017937b04ee0
Event: 0.051 Thread 0x0000017937b04ee0 Thread added: 0x0000017956486fd0
Event: 0.051 Thread 0x0000017937b04ee0 Thread added: 0x0000017956487da0
Event: 0.051 Thread 0x0000017937b04ee0 Thread added: 0x00000179564938f0
Event: 0.051 Thread 0x0000017937b04ee0 Thread added: 0x0000017956496210
Event: 0.051 Thread 0x0000017937b04ee0 Thread added: 0x000001795649faf0
Event: 0.051 Thread 0x0000017937b04ee0 Thread added: 0x000001795649f460
Event: 0.052 Thread 0x0000017937b04ee0 Thread added: 0x00000179564abf70
Event: 0.052 Thread 0x0000017937b04ee0 Thread added: 0x00000179564ac910
Event: 0.101 Thread 0x0000017937b04ee0 Thread added: 0x00000179564a1bc0
Event: 0.169 Thread 0x0000017937b04ee0 Thread added: 0x00000179564a0810
Event: 0.169 Thread 0x0000017937b04ee0 Thread added: 0x00000179564a2250


Dynamic libraries:
0x00007ff760a00000 - 0x00007ff760a0e000 	C:\Users\SD CAMPOS\.jdks\openjdk-22.0.2\bin\java.exe
0x00007ffeb7110000 - 0x00007ffeb7327000 	C:\WINDOWS\SYSTEM32\ntdll.dll
0x00007ffeb5d80000 - 0x00007ffeb5e44000 	C:\WINDOWS\System32\KERNEL32.DLL
0x00007ffeb49a0000 - 0x00007ffeb4d57000 	C:\WINDOWS\System32\KERNELBASE.dll
0x00007ffeb4420000 - 0x00007ffeb4531000 	C:\WINDOWS\System32\ucrtbase.dll
0x00007ffe80800000 - 0x00007ffe80817000 	C:\Users\SD CAMPOS\.jdks\openjdk-22.0.2\bin\jli.dll
0x00007ffe7ff70000 - 0x00007ffe7ff8b000 	C:\Users\SD CAMPOS\.jdks\openjdk-22.0.2\bin\VCRUNTIME140.dll
0x00007ffeb5370000 - 0x00007ffeb551f000 	C:\WINDOWS\System32\USER32.dll
0x00007ffeb4e10000 - 0x00007ffeb4e36000 	C:\WINDOWS\System32\win32u.dll
0x00007ffe9cb20000 - 0x00007ffe9cdb3000 	C:\WINDOWS\WinSxS\amd64_microsoft.windows.common-controls_6595b64144ccf1df_6.0.22621.3672_none_2713b9d173822955\COMCTL32.dll
0x00007ffeb5930000 - 0x00007ffeb59d7000 	C:\WINDOWS\System32\msvcrt.dll
0x00007ffeb5900000 - 0x00007ffeb5929000 	C:\WINDOWS\System32\GDI32.dll
0x00007ffeb4810000 - 0x00007ffeb4928000 	C:\WINDOWS\System32\gdi32full.dll
0x00007ffeb4540000 - 0x00007ffeb45da000 	C:\WINDOWS\System32\msvcp_win.dll
0x00007ffeb4ff0000 - 0x00007ffeb5021000 	C:\WINDOWS\System32\IMM32.DLL
0x00007ffe9cf50000 - 0x00007ffe9cf5c000 	C:\Users\SD CAMPOS\.jdks\openjdk-22.0.2\bin\vcruntime140_1.dll
0x00007ffe5ecd0000 - 0x00007ffe5ed5e000 	C:\Users\SD CAMPOS\.jdks\openjdk-22.0.2\bin\msvcp140.dll
0x00007ffe2f6d0000 - 0x00007ffe30419000 	C:\Users\SD CAMPOS\.jdks\openjdk-22.0.2\bin\server\jvm.dll
0x00007ffeb7010000 - 0x00007ffeb70c2000 	C:\WINDOWS\System32\ADVAPI32.dll
0x00007ffeb51c0000 - 0x00007ffeb5268000 	C:\WINDOWS\System32\sechost.dll
0x00007ffeb4de0000 - 0x00007ffeb4e08000 	C:\WINDOWS\System32\bcrypt.dll
0x00007ffeb5520000 - 0x00007ffeb5634000 	C:\WINDOWS\System32\RPCRT4.dll
0x00007ffeb52f0000 - 0x00007ffeb5361000 	C:\WINDOWS\System32\WS2_32.dll
0x00007ffeafc70000 - 0x00007ffeafca4000 	C:\WINDOWS\SYSTEM32\WINMM.dll
0x00007ffeb32d0000 - 0x00007ffeb331d000 	C:\WINDOWS\SYSTEM32\POWRPROF.dll
0x00007ffeafc60000 - 0x00007ffeafc6a000 	C:\WINDOWS\SYSTEM32\VERSION.dll
0x00007ffeb32b0000 - 0x00007ffeb32c3000 	C:\WINDOWS\SYSTEM32\UMPDC.dll
0x00007ffeb3560000 - 0x00007ffeb3578000 	C:\WINDOWS\SYSTEM32\kernel.appcore.dll
0x00007ffe8c210000 - 0x00007ffe8c21a000 	C:\Users\SD CAMPOS\.jdks\openjdk-22.0.2\bin\jimage.dll
0x00007ffeb1ca0000 - 0x00007ffeb1ed2000 	C:\WINDOWS\SYSTEM32\DBGHELP.DLL
0x00007ffeb59e0000 - 0x00007ffeb5d6e000 	C:\WINDOWS\System32\combase.dll
0x00007ffeb5e50000 - 0x00007ffeb5f27000 	C:\WINDOWS\System32\OLEAUT32.dll
0x00007ffeaebb0000 - 0x00007ffeaebe2000 	C:\WINDOWS\SYSTEM32\dbgcore.DLL
0x00007ffeb4d60000 - 0x00007ffeb4ddb000 	C:\WINDOWS\System32\bcryptPrimitives.dll
0x00007ffeadd40000 - 0x00007ffeadd4f000 	C:\Users\SD CAMPOS\.jdks\openjdk-22.0.2\bin\instrument.dll
0x00007ffe7ff20000 - 0x00007ffe7ff3e000 	C:\Users\SD CAMPOS\.jdks\openjdk-22.0.2\bin\java.dll
0x00007ffeb6790000 - 0x00007ffeb6ff9000 	C:\WINDOWS\System32\SHELL32.dll
0x00007ffeb4e40000 - 0x00007ffeb4fe5000 	C:\WINDOWS\System32\ole32.dll
0x00007ffeb23a0000 - 0x00007ffeb2c9f000 	C:\WINDOWS\SYSTEM32\windows.storage.dll
0x00007ffeb2260000 - 0x00007ffeb239f000 	C:\WINDOWS\SYSTEM32\wintypes.dll
0x00007ffeb6630000 - 0x00007ffeb6729000 	C:\WINDOWS\System32\SHCORE.dll
0x00007ffeb6520000 - 0x00007ffeb657e000 	C:\WINDOWS\System32\shlwapi.dll
0x00007ffeb4350000 - 0x00007ffeb4377000 	C:\WINDOWS\SYSTEM32\profapi.dll
0x00007ffe4e9b0000 - 0x00007ffe4ea87000 	C:\Users\SD CAMPOS\.jdks\openjdk-22.0.2\bin\jsvml.dll
0x00007ffe7ff50000 - 0x00007ffe7ff67000 	C:\Users\SD CAMPOS\.jdks\openjdk-22.0.2\bin\zip.dll
0x00007ffe85bb0000 - 0x00007ffe85bc0000 	C:\Users\SD CAMPOS\.jdks\openjdk-22.0.2\bin\net.dll
0x00007ffeb39d0000 - 0x00007ffeb3a39000 	C:\WINDOWS\system32\mswsock.dll
0x00007ffe712d0000 - 0x00007ffe712e6000 	C:\Users\SD CAMPOS\.jdks\openjdk-22.0.2\bin\nio.dll
0x00007ffeac6b0000 - 0x00007ffeac6ca000 	C:\Users\SD CAMPOS\AppData\Local\JetBrains\IntelliJ IDEA Community Edition 2024.2.1\bin\breakgen64.dll
0x00007ffe92eb0000 - 0x00007ffe92eb9000 	C:\Users\SD CAMPOS\.jdks\openjdk-22.0.2\bin\extnet.dll

dbghelp: loaded successfully - version: 4.0.5 - missing functions: none
symbol engine: initialized successfully - sym options: 0x614 - pdb path: .;C:\Users\SD CAMPOS\.jdks\openjdk-22.0.2\bin;C:\WINDOWS\SYSTEM32;C:\WINDOWS\WinSxS\amd64_microsoft.windows.common-controls_6595b64144ccf1df_6.0.22621.3672_none_2713b9d173822955;C:\Users\SD CAMPOS\.jdks\openjdk-22.0.2\bin\server;C:\Users\SD CAMPOS\AppData\Local\JetBrains\IntelliJ IDEA Community Edition 2024.2.1\bin

VM Arguments:
jvm_args: -ea -Didea.test.cyclic.buffer.size=1048576 -javaagent:C:\Users\SD CAMPOS\AppData\Local\JetBrains\IntelliJ IDEA Community Edition 2024.2.1\lib\idea_rt.jar=63110:C:\Users\SD CAMPOS\AppData\Local\JetBrains\IntelliJ IDEA Community Edition 2024.2.1\bin -Dfile.encoding=UTF-8 -Dsun.stdout.encoding=UTF-8 -Dsun.stderr.encoding=UTF-8 
java_command: com.intellij.rt.junit.JUnitStarter -ideVersion5 -junit5 SimpleTest,testExample
java_class_path (initial): C:\Users\SD CAMPOS\.m2\repository\org\junit\platform\junit-platform-launcher\1.10.0\junit-platform-launcher-1.10.0.jar;C:\Users\SD CAMPOS\AppData\Local\JetBrains\IntelliJ IDEA Community Edition 2024.2.1\lib\idea_rt.jar;C:\Users\SD CAMPOS\AppData\Local\JetBrains\IntelliJ IDEA Community Edition 2024.2.1\plugins\junit\lib\junit5-rt.jar;C:\Users\SD CAMPOS\AppData\Local\JetBrains\IntelliJ IDEA Community Edition 2024.2.1\plugins\junit\lib\junit-rt.jar;C:\Users\SD CAMPOS\Desktop\webii\projeto_MAP\target\test-classes;C:\Users\SD CAMPOS\Desktop\webii\projeto_MAP\target\classes;C:\Users\SD CAMPOS\.m2\repository\org\junit\jupiter\junit-jupiter\5.10.0\junit-jupiter-5.10.0.jar;C:\Users\SD CAMPOS\.m2\repository\org\junit\jupiter\junit-jupiter-api\5.10.0\junit-jupiter-api-5.10.0.jar;C:\Users\SD CAMPOS\.m2\repository\org\opentest4j\opentest4j\1.3.0\opentest4j-1.3.0.jar;C:\Users\SD CAMPOS\.m2\repository\org\junit\platform\junit-platform-commons\1.10.0\junit-platform-commons-1.10.0.jar;C:\Users\SD CAMPOS\.m2\repository\org\apiguardian\apiguardian-api\1.1.2\apiguardian-api-1.1.2.jar;C:\Users\SD CAMPOS\.m2\repository\org\junit\jupiter\junit-jupiter-params\5.10.0\junit-jupiter-params-5.10.0.jar;C:\Users\SD CAMPOS\.m2\repository\org\junit\jupiter\junit-jupiter-engine\5.10.0\junit-jupiter-engine-5.10.0.jar;C:\Users\SD CAMPOS\.m2\repository\org\junit\platform\junit-platform-engine\1.10.0\junit-platform-engine-1.10.0.jar
Launcher Type: SUN_STANDARD

[Global flags]
     intx CICompilerCount                          = 4                                         {product} {ergonomic}
     uint ConcGCThreads                            = 2                                         {product} {ergonomic}
     uint G1ConcRefinementThreads                  = 8                                         {product} {ergonomic}
   size_t G1HeapRegionSize                         = 1048576                                   {product} {ergonomic}
   size_t InitialHeapSize                          = 132120576                                 {product} {ergonomic}
   size_t MarkStackSize                            = 4194304                                   {product} {ergonomic}
   size_t MaxHeapSize                              = 2095054848                                {product} {ergonomic}
   size_t MaxNewSize                               = 1256194048                                {product} {ergonomic}
   size_t MinHeapDeltaBytes                        = 1048576                                   {product} {ergonomic}
   size_t MinHeapSize                              = 8388608                                   {product} {ergonomic}
    uintx NonNMethodCodeHeapSize                   = 5839372                                {pd product} {ergonomic}
    uintx NonProfiledCodeHeapSize                  = 122909434                              {pd product} {ergonomic}
     bool PerfDisableSharedMem                     = true                                      {product} {ergonomic}
    uintx ProfiledCodeHeapSize                     = 122909434                              {pd product} {ergonomic}
    uintx ReservedCodeCacheSize                    = 251658240                              {pd product} {ergonomic}
     bool SegmentedCodeCache                       = true                                      {product} {ergonomic}
   size_t SoftMaxHeapSize                          = 2095054848                             {manageable} {ergonomic}
     bool UseCompressedOops                        = true                           {product lp64_product} {ergonomic}
     bool UseG1GC                                  = true                                      {product} {ergonomic}
     bool UseLargePagesIndividualAllocation        = false                                  {pd product} {ergonomic}

Logging:
Log output configuration:
 #0: stdout all=warning uptime,level,tags foldmultilines=false
 #1: stderr all=off uptime,level,tags foldmultilines=false

Environment Variables:
PATH=C:\Program Files (x86)\Microsoft\Edge\Application;C:\Program Files (x86)\Common Files\Oracle\Java\javapath;C:\WINDOWS\system32;C:\WINDOWS;C:\WINDOWS\System32\Wbem;C:\WINDOWS\System32\WindowsPowerShell\v1.0\;C:\WINDOWS\System32\OpenSSH\;C:\Program Files\nodejs\;C:\Program Files\Git\cmd;C:\Users\SD CAMPOS\AppData\Local\Programs\Python\Python312\Scripts\;C:\Users\SD CAMPOS\AppData\Local\Programs\Python\Python312\;C:\Users\SD CAMPOS\AppData\Local\Programs\Python\Launcher\;C:\Users\SD CAMPOS\AppData\Local\Microsoft\WindowsApps;C:\Users\SD CAMPOS\AppData\Local\Programs\Microsoft VS Code\bin;C:\Users\SD CAMPOS\AppData\Roaming\npm;C:\Users\SD CAMPOS\AppData\Local\GitHubDesktop\bin
USERNAME=SD CAMPOS
OS=Windows_NT
PROCESSOR_IDENTIFIER=Intel64 Family 6 Model 140 Stepping 1, GenuineIntel
TMP=C:\Users\SDCAMP~1\AppData\Local\Temp
TEMP=C:\Users\SDCAMP~1\AppData\Local\Temp




Periodic native trim disabled

---------------  S Y S T E M  ---------------

OS:
 Windows 11 , 64 bit Build 22621 (10.0.22621.3958)
OS uptime: 41 days 7:13 hours

CPU: total 8 (initial active 8) (4 cores per cpu, 2 threads per core) family 6 model 140 stepping 1 microcode 0x8a, cx8, cmov, fxsr, ht, mmx, 3dnowpref, sse, sse2, sse3, ssse3, sse4.1, sse4.2, popcnt, lzcnt, tsc, tscinvbit, avx, avx2, aes, erms, clmul, bmi1, bmi2, adx, avx512f, avx512dq, avx512cd, avx512bw, avx512vl, sha, fma, vzeroupper, avx512_vpopcntdq, avx512_vpclmulqdq, avx512_vaes, avx512_vnni, clflush, clflushopt, clwb, avx512_vbmi2, avx512_vbmi, rdtscp, rdpid, fsrm, gfni, avx512_bitalg, f16c, pku, cet_ibt, cet_ss, avx512_ifma
Processor Information for all 8 processors :
  Max Mhz: 2419, Current Mhz: 2419, Mhz Limit: 2419

Memory: 4k page, system-wide physical 7991M (114M free)
TotalPageFile size 32567M (AvailPageFile size 0M)
current process WorkingSet (physical memory assigned to process): 55M, peak: 55M
current process commit charge ("private bytes"): 216M, peak: 216M

vm_info: OpenJDK 64-Bit Server VM (22.0.2+9-70) for windows-amd64 JRE (22.0.2+9-70), built on 2024-06-04T16:52:23Z by "mach5one" with MS VC++ 17.6 (VS2022)

END.
